[0.108s] DEBUG:colcon:Command line arguments: ['/usr/bin/colcon', 'build']
[0.109s] DEBUG:colcon:Parsed command line arguments: Namespace(log_base=None, log_level=None, verb_name='build', build_base='build', install_base='install', merge_install=False, symlink_install=False, test_result_base=None, continue_on_error=False, executor='parallel', parallel_workers=16, event_handlers=None, ignore_user_meta=False, metas=['./colcon.meta'], base_paths=['.'], packages_ignore=None, packages_ignore_regex=None, paths=None, packages_up_to=None, packages_up_to_regex=None, packages_above=None, packages_above_and_dependencies=None, packages_above_depth=None, packages_select_by_dep=None, packages_skip_by_dep=None, packages_skip_up_to=None, packages_select_build_failed=False, packages_skip_build_finished=False, packages_select_test_failures=False, packages_skip_test_passed=False, packages_select=None, packages_skip=None, packages_select_regex=None, packages_skip_regex=None, packages_start=None, packages_end=None, allow_overriding=[], cmake_args=None, cmake_target=None, cmake_target_skip_unavailable=False, cmake_clean_cache=False, cmake_clean_first=False, cmake_force_configure=False, ament_cmake_args=None, catkin_cmake_args=None, catkin_skip_building_tests=False, mixin_files=None, mixin=None, verb_parser=<colcon_mixin.mixin.mixin_argument.MixinArgumentDecorator object at 0x73e383f66a80>, verb_extension=<colcon_core.verb.build.BuildVerb object at 0x73e383f666c0>, main=<bound method BuildVerb.main of <colcon_core.verb.build.BuildVerb object at 0x73e383f666c0>>, mixin_verb=('build',))
[0.135s] Level 1:colcon.colcon_core.package_discovery:discover_packages(colcon_meta) check parameters
[0.135s] Level 1:colcon.colcon_core.package_discovery:discover_packages(recursive) check parameters
[0.135s] Level 1:colcon.colcon_core.package_discovery:discover_packages(ignore) check parameters
[0.135s] Level 1:colcon.colcon_core.package_discovery:discover_packages(path) check parameters
[0.135s] Level 1:colcon.colcon_core.package_discovery:discover_packages(colcon_meta) discover
[0.136s] Level 1:colcon.colcon_core.package_discovery:discover_packages(recursive) discover
[0.136s] INFO:colcon.colcon_core.package_discovery:Crawling recursively for packages in '/home/cmilanes/tf_remapping/tf_relay'
[0.136s] Level 1:colcon.colcon_core.package_identification:_identify(.) by extensions ['ignore', 'ignore_ament_install']
[0.136s] Level 1:colcon.colcon_core.package_identification:_identify(.) by extension 'ignore'
[0.136s] Level 1:colcon.colcon_core.package_identification:_identify(.) by extension 'ignore_ament_install'
[0.136s] Level 1:colcon.colcon_core.package_identification:_identify(.) by extensions ['colcon_pkg']
[0.136s] Level 1:colcon.colcon_core.package_identification:_identify(.) by extension 'colcon_pkg'
[0.136s] Level 1:colcon.colcon_core.package_identification:_identify(.) by extensions ['colcon_meta']
[0.136s] Level 1:colcon.colcon_core.package_identification:_identify(.) by extension 'colcon_meta'
[0.136s] Level 1:colcon.colcon_core.package_identification:_identify(.) by extensions ['ros']
[0.136s] Level 1:colcon.colcon_core.package_identification:_identify(.) by extension 'ros'
[0.154s] DEBUG:colcon.colcon_core.package_identification:Package '.' with type 'ros.ament_python' and name 'tf_relay'
[0.154s] Level 1:colcon.colcon_core.package_discovery:discover_packages(recursive) using defaults
[0.154s] Level 1:colcon.colcon_core.package_discovery:discover_packages(ignore) discover
[0.154s] Level 1:colcon.colcon_core.package_discovery:discover_packages(ignore) using defaults
[0.154s] Level 1:colcon.colcon_core.package_discovery:discover_packages(path) discover
[0.154s] Level 1:colcon.colcon_core.package_discovery:discover_packages(path) using defaults
[0.166s] Level 1:colcon.colcon_core.package_discovery:discover_packages(prefix_path) check parameters
[0.166s] Level 1:colcon.colcon_core.package_discovery:discover_packages(prefix_path) discover
[0.168s] DEBUG:colcon.colcon_installed_package_information.package_discovery:Found 14 installed packages in /home/cmilanes/gz_ws/install
[0.168s] DEBUG:colcon.colcon_installed_package_information.package_discovery:Found 1 installed packages in /home/cmilanes/turtlegps_ws/install
[0.168s] DEBUG:colcon.colcon_installed_package_information.package_discovery:Found 1 installed packages in /home/cmilanes/gpsnav_ws/install
[0.169s] DEBUG:colcon.colcon_installed_package_information.package_discovery:Found 1 installed packages in /home/cmilanes/turtlebot4_ws/install
[0.170s] DEBUG:colcon.colcon_installed_package_information.package_discovery:Found 453 installed packages in /opt/ros/jazzy
[0.171s] Level 1:colcon.colcon_core.package_discovery:discover_packages(prefix_path) using defaults
[0.207s] Level 5:colcon.colcon_core.verb:set package 'tf_relay' build argument 'cmake_args' from command line to 'None'
[0.207s] Level 5:colcon.colcon_core.verb:set package 'tf_relay' build argument 'cmake_target' from command line to 'None'
[0.207s] Level 5:colcon.colcon_core.verb:set package 'tf_relay' build argument 'cmake_target_skip_unavailable' from command line to 'False'
[0.207s] Level 5:colcon.colcon_core.verb:set package 'tf_relay' build argument 'cmake_clean_cache' from command line to 'False'
[0.207s] Level 5:colcon.colcon_core.verb:set package 'tf_relay' build argument 'cmake_clean_first' from command line to 'False'
[0.207s] Level 5:colcon.colcon_core.verb:set package 'tf_relay' build argument 'cmake_force_configure' from command line to 'False'
[0.207s] Level 5:colcon.colcon_core.verb:set package 'tf_relay' build argument 'ament_cmake_args' from command line to 'None'
[0.207s] Level 5:colcon.colcon_core.verb:set package 'tf_relay' build argument 'catkin_cmake_args' from command line to 'None'
[0.207s] Level 5:colcon.colcon_core.verb:set package 'tf_relay' build argument 'catkin_skip_building_tests' from command line to 'False'
[0.207s] DEBUG:colcon.colcon_core.verb:Building package 'tf_relay' with the following arguments: {'ament_cmake_args': None, 'build_base': '/home/cmilanes/tf_remapping/tf_relay/build/tf_relay', 'catkin_cmake_args': None, 'catkin_skip_building_tests': False, 'cmake_args': None, 'cmake_clean_cache': False, 'cmake_clean_first': False, 'cmake_force_configure': False, 'cmake_target': None, 'cmake_target_skip_unavailable': False, 'install_base': '/home/cmilanes/tf_remapping/tf_relay/install/tf_relay', 'merge_install': False, 'path': '/home/cmilanes/tf_remapping/tf_relay', 'symlink_install': False, 'test_result_base': None}
[0.207s] INFO:colcon.colcon_core.executor:Executing jobs using 'parallel' executor
[0.207s] DEBUG:colcon.colcon_parallel_executor.executor.parallel:run_until_complete
[0.208s] INFO:colcon.colcon_ros.task.ament_python.build:Building ROS package in '/home/cmilanes/tf_remapping/tf_relay' with build type 'ament_python'
[0.208s] Level 1:colcon.colcon_core.shell:create_environment_hook('tf_relay', 'ament_prefix_path')
[0.209s] INFO:colcon.colcon_core.plugin_system:Skipping extension 'colcon_core.shell.bat': Not used on non-Windows systems
[0.210s] INFO:colcon.colcon_core.shell:Creating environment hook '/home/cmilanes/tf_remapping/tf_relay/install/tf_relay/share/tf_relay/hook/ament_prefix_path.ps1'
[0.210s] INFO:colcon.colcon_core.shell:Creating environment descriptor '/home/cmilanes/tf_remapping/tf_relay/install/tf_relay/share/tf_relay/hook/ament_prefix_path.dsv'
[0.210s] INFO:colcon.colcon_core.shell:Creating environment hook '/home/cmilanes/tf_remapping/tf_relay/install/tf_relay/share/tf_relay/hook/ament_prefix_path.sh'
[0.211s] INFO:colcon.colcon_core.shell:Skip shell extension 'powershell' for command environment: Not usable outside of PowerShell
[0.211s] DEBUG:colcon.colcon_core.shell:Skip shell extension 'dsv' for command environment
[0.358s] INFO:colcon.colcon_core.task.python.build:Building Python package in '/home/cmilanes/tf_remapping/tf_relay'
[0.358s] INFO:colcon.colcon_core.shell:Skip shell extension 'powershell' for command environment: Not usable outside of PowerShell
[0.358s] DEBUG:colcon.colcon_core.shell:Skip shell extension 'dsv' for command environment
[0.794s] DEBUG:colcon.colcon_core.event_handler.log_command:Invoking command in '/home/cmilanes/tf_remapping/tf_relay': DEBUGINFOD_URLS=https://debuginfod.ubuntu.com PYTHONPATH=/home/cmilanes/tf_remapping/tf_relay/build/tf_relay/prefix_override:/usr/lib/python3/dist-packages/colcon_core/task/python/colcon_distutils_commands:/home/cmilanes/tf_remapping/tf_relay/install/tf_relay/lib/python3.12/site-packages:${PYTHONPATH} /usr/bin/python3 -W ignore:setup.py install is deprecated -W ignore:easy_install command is deprecated setup.py egg_info --egg-base build/tf_relay build --build-base /home/cmilanes/tf_remapping/tf_relay/build/tf_relay/build install --record /home/cmilanes/tf_remapping/tf_relay/build/tf_relay/install.log --single-version-externally-managed install_data
[1.209s] DEBUG:colcon.colcon_core.event_handler.log_command:Invoked command in '/home/cmilanes/tf_remapping/tf_relay' returned '0': DEBUGINFOD_URLS=https://debuginfod.ubuntu.com PYTHONPATH=/home/cmilanes/tf_remapping/tf_relay/build/tf_relay/prefix_override:/usr/lib/python3/dist-packages/colcon_core/task/python/colcon_distutils_commands:/home/cmilanes/tf_remapping/tf_relay/install/tf_relay/lib/python3.12/site-packages:${PYTHONPATH} /usr/bin/python3 -W ignore:setup.py install is deprecated -W ignore:easy_install command is deprecated setup.py egg_info --egg-base build/tf_relay build --build-base /home/cmilanes/tf_remapping/tf_relay/build/tf_relay/build install --record /home/cmilanes/tf_remapping/tf_relay/build/tf_relay/install.log --single-version-externally-managed install_data
[1.222s] Level 1:colcon.colcon_core.environment:checking '/home/cmilanes/tf_remapping/tf_relay/install/tf_relay' for CMake module files
[1.222s] Level 1:colcon.colcon_core.environment:checking '/home/cmilanes/tf_remapping/tf_relay/install/tf_relay' for CMake config files
[1.222s] Level 1:colcon.colcon_core.environment:checking '/home/cmilanes/tf_remapping/tf_relay/install/tf_relay/lib'
[1.223s] Level 1:colcon.colcon_core.environment:checking '/home/cmilanes/tf_remapping/tf_relay/install/tf_relay/bin'
[1.223s] Level 1:colcon.colcon_core.environment:checking '/home/cmilanes/tf_remapping/tf_relay/install/tf_relay/lib/pkgconfig/tf_relay.pc'
[1.223s] Level 1:colcon.colcon_core.environment:checking '/home/cmilanes/tf_remapping/tf_relay/install/tf_relay/lib/python3.12/site-packages'
[1.223s] Level 1:colcon.colcon_core.shell:create_environment_hook('tf_relay', 'pythonpath')
[1.223s] INFO:colcon.colcon_core.shell:Creating environment hook '/home/cmilanes/tf_remapping/tf_relay/install/tf_relay/share/tf_relay/hook/pythonpath.ps1'
[1.223s] INFO:colcon.colcon_core.shell:Creating environment descriptor '/home/cmilanes/tf_remapping/tf_relay/install/tf_relay/share/tf_relay/hook/pythonpath.dsv'
[1.223s] INFO:colcon.colcon_core.shell:Creating environment hook '/home/cmilanes/tf_remapping/tf_relay/install/tf_relay/share/tf_relay/hook/pythonpath.sh'
[1.224s] Level 1:colcon.colcon_core.environment:checking '/home/cmilanes/tf_remapping/tf_relay/install/tf_relay/bin'
[1.224s] Level 1:colcon.colcon_core.environment:create_environment_scripts_only(tf_relay)
[1.224s] INFO:colcon.colcon_core.shell:Creating package script '/home/cmilanes/tf_remapping/tf_relay/install/tf_relay/share/tf_relay/package.ps1'
[1.224s] INFO:colcon.colcon_core.shell:Creating package descriptor '/home/cmilanes/tf_remapping/tf_relay/install/tf_relay/share/tf_relay/package.dsv'
[1.225s] INFO:colcon.colcon_core.shell:Creating package script '/home/cmilanes/tf_remapping/tf_relay/install/tf_relay/share/tf_relay/package.sh'
[1.226s] INFO:colcon.colcon_core.shell:Creating package script '/home/cmilanes/tf_remapping/tf_relay/install/tf_relay/share/tf_relay/package.bash'
[1.226s] INFO:colcon.colcon_core.shell:Creating package script '/home/cmilanes/tf_remapping/tf_relay/install/tf_relay/share/tf_relay/package.zsh'
[1.226s] Level 1:colcon.colcon_core.environment:create_file_with_runtime_dependencies(/home/cmilanes/tf_remapping/tf_relay/install/tf_relay/share/colcon-core/packages/tf_relay)
[1.227s] DEBUG:colcon.colcon_parallel_executor.executor.parallel:closing loop
[1.227s] DEBUG:colcon.colcon_parallel_executor.executor.parallel:loop closed
[1.227s] DEBUG:colcon.colcon_parallel_executor.executor.parallel:run_until_complete finished with '0'
[1.227s] DEBUG:colcon.colcon_core.event_reactor:joining thread
[1.234s] INFO:colcon.colcon_core.plugin_system:Skipping extension 'colcon_notification.desktop_notification.terminal_notifier': Not used on non-Darwin systems
[1.234s] INFO:colcon.colcon_core.plugin_system:Skipping extension 'colcon_notification.desktop_notification.win32': Not used on non-Windows systems
[1.234s] INFO:colcon.colcon_notification.desktop_notification:Sending desktop notification using 'notify2'
[1.244s] DEBUG:colcon.colcon_core.event_reactor:joined thread
[1.244s] INFO:colcon.colcon_core.shell:Creating prefix script '/home/cmilanes/tf_remapping/tf_relay/install/local_setup.ps1'
[1.244s] INFO:colcon.colcon_core.shell:Creating prefix util module '/home/cmilanes/tf_remapping/tf_relay/install/_local_setup_util_ps1.py'
[1.245s] INFO:colcon.colcon_core.shell:Creating prefix chain script '/home/cmilanes/tf_remapping/tf_relay/install/setup.ps1'
[1.246s] INFO:colcon.colcon_core.shell:Creating prefix script '/home/cmilanes/tf_remapping/tf_relay/install/local_setup.sh'
[1.246s] INFO:colcon.colcon_core.shell:Creating prefix util module '/home/cmilanes/tf_remapping/tf_relay/install/_local_setup_util_sh.py'
[1.246s] INFO:colcon.colcon_core.shell:Creating prefix chain script '/home/cmilanes/tf_remapping/tf_relay/install/setup.sh'
[1.247s] INFO:colcon.colcon_core.shell:Creating prefix script '/home/cmilanes/tf_remapping/tf_relay/install/local_setup.bash'
[1.247s] INFO:colcon.colcon_core.shell:Creating prefix chain script '/home/cmilanes/tf_remapping/tf_relay/install/setup.bash'
[1.248s] INFO:colcon.colcon_core.shell:Creating prefix script '/home/cmilanes/tf_remapping/tf_relay/install/local_setup.zsh'
[1.248s] INFO:colcon.colcon_core.shell:Creating prefix chain script '/home/cmilanes/tf_remapping/tf_relay/install/setup.zsh'
