running egg_info
creating build/tf_relay/tf_relay.egg-info
writing build/tf_relay/tf_relay.egg-info/PKG-INFO
writing dependency_links to build/tf_relay/tf_relay.egg-info/dependency_links.txt
writing entry points to build/tf_relay/tf_relay.egg-info/entry_points.txt
writing requirements to build/tf_relay/tf_relay.egg-info/requires.txt
writing top-level names to build/tf_relay/tf_relay.egg-info/top_level.txt
writing manifest file 'build/tf_relay/tf_relay.egg-info/SOURCES.txt'
reading manifest file 'build/tf_relay/tf_relay.egg-info/SOURCES.txt'
writing manifest file 'build/tf_relay/tf_relay.egg-info/SOURCES.txt'
running build
running build_py
creating /home/cmilanes/tf_remapping/tf_relay/build/tf_relay/build
creating /home/cmilanes/tf_remapping/tf_relay/build/tf_relay/build/lib
creating /home/cmilanes/tf_remapping/tf_relay/build/tf_relay/build/lib/tf_relay
copying tf_relay/tf_relay.py -> /home/cmilanes/tf_remapping/tf_relay/build/tf_relay/build/lib/tf_relay
copying tf_relay/main.py -> /home/cmilanes/tf_remapping/tf_relay/build/tf_relay/build/lib/tf_relay
copying tf_relay/__init__.py -> /home/cmilanes/tf_remapping/tf_relay/build/tf_relay/build/lib/tf_relay
copying tf_relay/tf_static_relay.py -> /home/cmilanes/tf_remapping/tf_relay/build/tf_relay/build/lib/tf_relay
running install
running install_lib
creating /home/cmilanes/tf_remapping/tf_relay/install/tf_relay/lib/python3.12/site-packages/tf_relay
copying /home/cmilanes/tf_remapping/tf_relay/build/tf_relay/build/lib/tf_relay/tf_relay.py -> /home/cmilanes/tf_remapping/tf_relay/install/tf_relay/lib/python3.12/site-packages/tf_relay
copying /home/cmilanes/tf_remapping/tf_relay/build/tf_relay/build/lib/tf_relay/main.py -> /home/cmilanes/tf_remapping/tf_relay/install/tf_relay/lib/python3.12/site-packages/tf_relay
copying /home/cmilanes/tf_remapping/tf_relay/build/tf_relay/build/lib/tf_relay/__init__.py -> /home/cmilanes/tf_remapping/tf_relay/install/tf_relay/lib/python3.12/site-packages/tf_relay
copying /home/cmilanes/tf_remapping/tf_relay/build/tf_relay/build/lib/tf_relay/tf_static_relay.py -> /home/cmilanes/tf_remapping/tf_relay/install/tf_relay/lib/python3.12/site-packages/tf_relay
byte-compiling /home/cmilanes/tf_remapping/tf_relay/install/tf_relay/lib/python3.12/site-packages/tf_relay/tf_relay.py to tf_relay.cpython-312.pyc
byte-compiling /home/cmilanes/tf_remapping/tf_relay/install/tf_relay/lib/python3.12/site-packages/tf_relay/main.py to main.cpython-312.pyc
byte-compiling /home/cmilanes/tf_remapping/tf_relay/install/tf_relay/lib/python3.12/site-packages/tf_relay/__init__.py to __init__.cpython-312.pyc
byte-compiling /home/cmilanes/tf_remapping/tf_relay/install/tf_relay/lib/python3.12/site-packages/tf_relay/tf_static_relay.py to tf_static_relay.cpython-312.pyc
running install_data
creating /home/cmilanes/tf_remapping/tf_relay/install/tf_relay/share/ament_index
creating /home/cmilanes/tf_remapping/tf_relay/install/tf_relay/share/ament_index/resource_index
creating /home/cmilanes/tf_remapping/tf_relay/install/tf_relay/share/ament_index/resource_index/packages
copying resource/tf_relay -> /home/cmilanes/tf_remapping/tf_relay/install/tf_relay/share/ament_index/resource_index/packages
copying package.xml -> /home/cmilanes/tf_remapping/tf_relay/install/tf_relay/share/tf_relay
running install_egg_info
Copying build/tf_relay/tf_relay.egg-info to /home/cmilanes/tf_remapping/tf_relay/install/tf_relay/lib/python3.12/site-packages/tf_relay-0.0.0-py3.12.egg-info
running install_scripts
Installing relay script to /home/cmilanes/tf_remapping/tf_relay/install/tf_relay/lib/tf_relay
writing list of installed files to '/home/cmilanes/tf_remapping/tf_relay/build/tf_relay/install.log'
